This is pdfTeX, Version 3.14159265-2.6-1.40.16 (TeX Live 2015) (preloaded format=pdflatex 2015.5.24)  10 MAR 2017 12:05
entering extended mode
 restricted \write18 enabled.
 file:line:error style messages enabled.
 %&-line parsing enabled.
**ngraham_writeup.tex
(./ngraham_writeup.tex
LaTeX2e <2015/01/01>
Babel <3.9l> and hyphenation patterns for 79 languages loaded.
(/usr/local/texlive/2015/texmf-dist/tex/latex/base/article.cls
Document Class: article 2014/09/29 v1.4h Standard LaTeX document class
(/usr/local/texlive/2015/texmf-dist/tex/latex/base/size12.clo
File: size12.clo 2014/09/29 v1.4h Standard LaTeX file (size option)
)
\c@part=\count79
\c@section=\count80
\c@subsection=\count81
\c@subsubsection=\count82
\c@paragraph=\count83
\c@subparagraph=\count84
\c@figure=\count85
\c@table=\count86
\abovecaptionskip=\skip41
\belowcaptionskip=\skip42
\bibindent=\dimen102
) (/usr/local/texlive/2015/texmf-dist/tex/latex/graphics/graphicx.sty
Package: graphicx 2014/10/28 v1.0g Enhanced LaTeX Graphics (DPC,SPQR)
 (/usr/local/texlive/2015/texmf-dist/tex/latex/graphics/keyval.sty
Package: keyval 2014/10/28 v1.15 key=value parser (DPC)
\KV@toks@=\toks14
) (/usr/local/texlive/2015/texmf-dist/tex/latex/graphics/graphics.sty
Package: graphics 2014/10/28 v1.0p Standard LaTeX Graphics (DPC,SPQR)
 (/usr/local/texlive/2015/texmf-dist/tex/latex/graphics/trig.sty
Package: trig 1999/03/16 v1.09 sin cos tan (DPC)
) (/usr/local/texlive/2015/texmf-dist/tex/latex/latexconfig/graphics.cfg
File: graphics.cfg 2010/04/23 v1.9 graphics configuration of TeX Live
)
Package graphics Info: Driver file: pdftex.def on input line 94.
 (/usr/local/texlive/2015/texmf-dist/tex/latex/pdftex-def/pdftex.def
File: pdftex.def 2011/05/27 v0.06d Graphics/color for pdfTeX
 (/usr/local/texlive/2015/texmf-dist/tex/generic/oberdiek/infwarerr.sty
Package: infwarerr 2010/04/08 v1.3 Providing info/warning/error messages (HO)
) (/usr/local/texlive/2015/texmf-dist/tex/generic/oberdiek/ltxcmds.sty
Package: ltxcmds 2011/11/09 v1.22 LaTeX kernel commands for general use (HO)
)
\Gread@gobject=\count87
))
\Gin@req@height=\dimen103
\Gin@req@width=\dimen104
) (./ngraham_writeup.aux)
\openout1 = `ngraham_writeup.aux'.

LaTeX Font Info:    Checking defaults for OML/cmm/m/it on input line 9.
LaTeX Font Info:    ... okay on input line 9.
LaTeX Font Info:    Checking defaults for T1/cmr/m/n on input line 9.
LaTeX Font Info:    ... okay on input line 9.
LaTeX Font Info:    Checking defaults for OT1/cmr/m/n on input line 9.
LaTeX Font Info:    ... okay on input line 9.
LaTeX Font Info:    Checking defaults for OMS/cmsy/m/n on input line 9.
LaTeX Font Info:    ... okay on input line 9.
LaTeX Font Info:    Checking defaults for OMX/cmex/m/n on input line 9.
LaTeX Font Info:    ... okay on input line 9.
LaTeX Font Info:    Checking defaults for U/cmr/m/n on input line 9.
LaTeX Font Info:    ... okay on input line 9.
 (/usr/local/texlive/2015/texmf-dist/tex/context/base/supp-pdf.mkii
[Loading MPS to PDF converter (version 2006.09.02).]
\scratchcounter=\count88
\scratchdimen=\dimen105
\scratchbox=\box26
\nofMPsegments=\count89
\nofMParguments=\count90
\everyMPshowfont=\toks15
\MPscratchCnt=\count91
\MPscratchDim=\dimen106
\MPnumerator=\count92
\makeMPintoPDFobject=\count93
\everyMPtoPDFconversion=\toks16
) (/usr/local/texlive/2015/texmf-dist/tex/generic/oberdiek/pdftexcmds.sty
Package: pdftexcmds 2011/11/29 v0.20 Utility functions of pdfTeX for LuaTeX (HO)
 (/usr/local/texlive/2015/texmf-dist/tex/generic/oberdiek/ifluatex.sty
Package: ifluatex 2010/03/01 v1.3 Provides the ifluatex switch (HO)
Package ifluatex Info: LuaTeX not detected.
) (/usr/local/texlive/2015/texmf-dist/tex/generic/oberdiek/ifpdf.sty
Package: ifpdf 2011/01/30 v2.3 Provides the ifpdf switch (HO)
Package ifpdf Info: pdfTeX in PDF mode is detected.
)
Package pdftexcmds Info: LuaTeX not detected.
Package pdftexcmds Info: \pdf@primitive is available.
Package pdftexcmds Info: \pdf@ifprimitive is available.
Package pdftexcmds Info: \pdfdraftmode found.
) (/usr/local/texlive/2015/texmf-dist/tex/latex/oberdiek/epstopdf-base.sty
Package: epstopdf-base 2010/02/09 v2.5 Base part for package epstopdf
 (/usr/local/texlive/2015/texmf-dist/tex/latex/oberdiek/grfext.sty
Package: grfext 2010/08/19 v1.1 Manage graphics extensions (HO)
 (/usr/local/texlive/2015/texmf-dist/tex/generic/oberdiek/kvdefinekeys.sty
Package: kvdefinekeys 2011/04/07 v1.3 Define keys (HO)
)) (/usr/local/texlive/2015/texmf-dist/tex/latex/oberdiek/kvoptions.sty
Package: kvoptions 2011/06/30 v3.11 Key value format for package options (HO)
 (/usr/local/texlive/2015/texmf-dist/tex/generic/oberdiek/kvsetkeys.sty
Package: kvsetkeys 2012/04/25 v1.16 Key value parser (HO)
 (/usr/local/texlive/2015/texmf-dist/tex/generic/oberdiek/etexcmds.sty
Package: etexcmds 2011/02/16 v1.5 Avoid name clashes with e-TeX commands (HO)
Package etexcmds Info: Could not find \expanded.
(etexcmds)             That can mean that you are not using pdfTeX 1.50 or
(etexcmds)             that some package has redefined \expanded.
(etexcmds)             In the latter case, load this package earlier.
)))
Package grfext Info: Graphics extension search list:
(grfext)             [.png,.pdf,.jpg,.mps,.jpeg,.jbig2,.jb2,.PNG,.PDF,.JPG,.JPEG,.JBIG2,.JB2,.eps]
(grfext)             \AppendGraphicsExtensions on input line 452.
 (/usr/local/texlive/2015/texmf-dist/tex/latex/latexconfig/epstopdf-sys.cfg
File: epstopdf-sys.cfg 2010/07/13 v1.3 Configuration of (r)epstopdf for TeX Live
))
LaTeX Font Info:    External font `cmex10' loaded for size
(Font)              <14.4> on input line 10.
LaTeX Font Info:    External font `cmex10' loaded for size
(Font)              <7> on input line 10.
LaTeX Font Info:    External font `cmex10' loaded for size
(Font)              <12> on input line 15.
LaTeX Font Info:    External font `cmex10' loaded for size
(Font)              <8> on input line 15.
LaTeX Font Info:    External font `cmex10' loaded for size
(Font)              <6> on input line 15.
 <"../Graphs/Cilk 10x10 Matrix".png, id=1, 1445.4pt x 1445.4pt>
File: "../Graphs/Cilk 10x10 Matrix".png Graphic file (type png)
 <use "../Graphs/Cilk 10x10 Matrix".png>
Package pdftex.def Info: "../Graphs/Cilk 10x10 Matrix".png used on input line 35.
(pdftex.def)             Requested size: 216.80064pt x 216.80064pt.
 [1

{/usr/local/texlive/2015/texmf-var/fonts/map/pdftex/updmap/pdftex.map}] <"../Graphs/Cilk 2000x2000 Matrix".png, id=12, 1445.4pt x 1445.4pt>
File: "../Graphs/Cilk 2000x2000 Matrix".png Graphic file (type png)

<use "../Graphs/Cilk 2000x2000 Matrix".png>
Package pdftex.def Info: "../Graphs/Cilk 2000x2000 Matrix".png used on input line 37.
(pdftex.def)             Requested size: 216.80064pt x 216.80064pt.
 [2 <../Graphs/Cilk 10x10 Matrix.png> <../Graphs/Cilk 2000x2000 Matrix.png>] <"../Graphs/OpenMP 10x10 Blocked".png, id=18, 1445.4pt x 1445.4pt>
File: "../Graphs/OpenMP 10x10 Blocked".png Graphic file (type png)
 <use "../Graphs/OpenMP 10x10 Blocked".png>
Package pdftex.def Info: "../Graphs/OpenMP 10x10 Blocked".png used on input line 70.
(pdftex.def)             Requested size: 216.80064pt x 216.80064pt.
 [3] <"../Graphs/OpenMP 2000x2000 Blocked".png, id=22, 1445.4pt x 1445.4pt>
File: "../Graphs/OpenMP 2000x2000 Blocked".png Graphic file (type png)
 <use "../Graphs/OpenMP 2000x2000 Blocked".png>
Package pdftex.def Info: "../Graphs/OpenMP 2000x2000 Blocked".png used on input line 72.
(pdftex.def)             Requested size: 216.80064pt x 216.80064pt.
 <"../Graphs/OpenMP 10x10 Static".png, id=23, 1445.4pt x 1445.4pt>
File: "../Graphs/OpenMP 10x10 Static".png Graphic file (type png)
 <use "../Graphs/OpenMP 10x10 Static".png>
Package pdftex.def Info: "../Graphs/OpenMP 10x10 Static".png used on input line 74.
(pdftex.def)             Requested size: 216.80064pt x 216.80064pt.
 [4 <../Graphs/OpenMP 10x10 Blocked.png> <../Graphs/OpenMP 2000x2000 Blocked.png>] <"../Graphs/OpenMP 2000x2000 Static".png, id=29, 1445.4pt x 1445.4pt>
File: "../Graphs/OpenMP 2000x2000 Static".png Graphic file (type png)
 <use "../Graphs/OpenMP 2000x2000 Static".png>
Package pdftex.def Info: "../Graphs/OpenMP 2000x2000 Static".png used on input line 76.
(pdftex.def)             Requested size: 216.80064pt x 216.80064pt.
 <"../Graphs/OpenMP 10x10 Dynamic".png, id=30, 1445.4pt x 1445.4pt>
File: "../Graphs/OpenMP 10x10 Dynamic".png Graphic file (type png)
 <use "../Graphs/OpenMP 10x10 Dynamic".png>
Package pdftex.def Info: "../Graphs/OpenMP 10x10 Dynamic".png used on input line 78.
(pdftex.def)             Requested size: 216.80064pt x 216.80064pt.
 [5 <../Graphs/OpenMP 10x10 Static.png> <../Graphs/OpenMP 2000x2000 Static.png>] <"../Graphs/OpenMP 2000x2000 Dynamic".png, id=36, 1445.4pt x 1445.4pt>
File: "../Graphs/OpenMP 2000x2000 Dynamic".png Graphic file (type png)
 <use "../Graphs/OpenMP 2000x2000 Dynamic".png>
Package pdftex.def Info: "../Graphs/OpenMP 2000x2000 Dynamic".png used on input line 80.
(pdftex.def)             Requested size: 216.80064pt x 216.80064pt.
 [6 <../Graphs/OpenMP 10x10 Dynamic.png> <../Graphs/OpenMP 2000x2000 Dynamic.png>] <"../Graphs/Cilk -O0 10x10 Matrix".png, id=42, 1445.4pt x 1445.4pt>
File: "../Graphs/Cilk -O0 10x10 Matrix".png Graphic file (type png)
 <use "../Graphs/Cilk -O0 10x10 Matrix".png>
Package pdftex.def Info: "../Graphs/Cilk -O0 10x10 Matrix".png used on input line 88.
(pdftex.def)             Requested size: 216.80064pt x 216.80064pt.
 <"../Graphs/Cilk -O0 2000x2000 Matrix".png, id=43, 1445.4pt x 1445.4pt>
File: "../Graphs/Cilk -O0 2000x2000 Matrix".png Graphic file (type png)
 <use "../Graphs/Cilk -O0 2000x2000 Matrix".png>
Package pdftex.def Info: "../Graphs/Cilk -O0 2000x2000 Matrix".png used on input line 90.
(pdftex.def)             Requested size: 216.80064pt x 216.80064pt.
 <"../Graphs/Cilk -O1 10x10 Matrix".png, id=44, 1445.4pt x 1445.4pt>
File: "../Graphs/Cilk -O1 10x10 Matrix".png Graphic file (type png)
 <use "../Graphs/Cilk -O1 10x10 Matrix".png>
Package pdftex.def Info: "../Graphs/Cilk -O1 10x10 Matrix".png used on input line 92.
(pdftex.def)             Requested size: 216.80064pt x 216.80064pt.
 [7 <../Graphs/Cilk -O0 10x10 Matrix.png> <../Graphs/Cilk -O0 2000x2000 Matrix.png>] <"../Graphs/Cilk -O1 2000x2000 Matrix".png, id=51, 1445.4pt x 1445.4pt>
File: "../Graphs/Cilk -O1 2000x2000 Matrix".png Graphic file (type png)
 <use "../Graphs/Cilk -O1 2000x2000 Matrix".png>
Package pdftex.def Info: "../Graphs/Cilk -O1 2000x2000 Matrix".png used on input line 94.
(pdftex.def)             Requested size: 216.80064pt x 216.80064pt.
 <"../Graphs/Cilk -O2 10x10 Matrix".png, id=52, 1445.4pt x 1445.4pt>
File: "../Graphs/Cilk -O2 10x10 Matrix".png Graphic file (type png)
 <use "../Graphs/Cilk -O2 10x10 Matrix".png>
Package pdftex.def Info: "../Graphs/Cilk -O2 10x10 Matrix".png used on input line 96.
(pdftex.def)             Requested size: 216.80064pt x 216.80064pt.
 [8 <../Graphs/Cilk -O1 10x10 Matrix.png> <../Graphs/Cilk -O1 2000x2000 Matrix.png>] <"../Graphs/Cilk -O2 2000x2000 Matrix".png, id=58, 1445.4pt x 1445.4pt>
File: "../Graphs/Cilk -O2 2000x2000 Matrix".png Graphic file (type png)
 <use "../Graphs/Cilk -O2 2000x2000 Matrix".png>
Package pdftex.def Info: "../Graphs/Cilk -O2 2000x2000 Matrix".png used on input line 98.
(pdftex.def)             Requested size: 216.80064pt x 216.80064pt.
 <"../Graphs/Cilk -O3 10x10 Matrix".png, id=59, 1445.4pt x 1445.4pt>
File: "../Graphs/Cilk -O3 10x10 Matrix".png Graphic file (type png)

<use "../Graphs/Cilk -O3 10x10 Matrix".png>
Package pdftex.def Info: "../Graphs/Cilk -O3 10x10 Matrix".png used on input line 100.
(pdftex.def)             Requested size: 216.80064pt x 216.80064pt.
 [9 <../Graphs/Cilk -O2 10x10 Matrix.png> <../Graphs/Cilk -O2 2000x2000 Matrix.png>] <"../Graphs/Cilk -O3 2000x2000 Matrix".png, id=65, 1445.4pt x 1445.4pt>
File: "../Graphs/Cilk -O3 2000x2000 Matrix".png Graphic file (type png)
 <use "../Graphs/Cilk -O3 2000x2000 Matrix".png>
Package pdftex.def Info: "../Graphs/Cilk -O3 2000x2000 Matrix".png used on input line 102.
(pdftex.def)             Requested size: 216.80064pt x 216.80064pt.
 <"../Graphs/OpenMP -O0 10x10 Blocked".png, id=66, 1445.4pt x 1445.4pt>
File: "../Graphs/OpenMP -O0 10x10 Blocked".png Graphic file (type png)
 <use "../Graphs/OpenMP -O0 10x10 Blocked".png>
Package pdftex.def Info: "../Graphs/OpenMP -O0 10x10 Blocked".png used on input line 104.
(pdftex.def)             Requested size: 216.80064pt x 216.80064pt.
 [10 <../Graphs/Cilk -O3 10x10 Matrix.png> <../Graphs/Cilk -O3 2000x2000 Matrix.png>] <"../Graphs/OpenMP -O0 2000x2000 Blocked".png, id=72, 1445.4pt x 1445.4pt>
File: "../Graphs/OpenMP -O0 2000x2000 Blocked".png Graphic file (type png)
 <use "../Graphs/OpenMP -O0 2000x2000 Blocked".png>
Package pdftex.def Info: "../Graphs/OpenMP -O0 2000x2000 Blocked".png used on input line 106.
(pdftex.def)             Requested size: 216.80064pt x 216.80064pt.
 <"../Graphs/OpenMP -O0 10x10 Static".png, id=73, 1445.4pt x 1445.4pt>
File: "../Graphs/OpenMP -O0 10x10 Static".png Graphic file (type png)
 <use "../Graphs/OpenMP -O0 10x10 Static".png>
Package pdftex.def Info: "../Graphs/OpenMP -O0 10x10 Static".png used on input line 108.
(pdftex.def)             Requested size: 216.80064pt x 216.80064pt.
 [11 <../Graphs/OpenMP -O0 10x10 Blocked.png> <../Graphs/OpenMP -O0 2000x2000 Blocked.png>] <"../Graphs/OpenMP -O0 2000x2000 Static".png, id=79, 1445.4pt x 1445.4pt>
File: "../Graphs/OpenMP -O0 2000x2000 Static".png Graphic file (type png)
 <use "../Graphs/OpenMP -O0 2000x2000 Static".png>
Package pdftex.def Info: "../Graphs/OpenMP -O0 2000x2000 Static".png used on input line 110.
(pdftex.def)             Requested size: 216.80064pt x 216.80064pt.
 <"../Graphs/OpenMP -O0 10x10 Dynamic".png, id=80, 1445.4pt x 1445.4pt>
File: "../Graphs/OpenMP -O0 10x10 Dynamic".png Graphic file (type png)

<use "../Graphs/OpenMP -O0 10x10 Dynamic".png>
Package pdftex.def Info: "../Graphs/OpenMP -O0 10x10 Dynamic".png used on input line 112.
(pdftex.def)             Requested size: 216.80064pt x 216.80064pt.
 [12 <../Graphs/OpenMP -O0 10x10 Static.png> <../Graphs/OpenMP -O0 2000x2000 Static.png>] <"../Graphs/OpenMP -O0 2000x2000 Dynamic".png, id=86, 1445.4pt x 1445.4pt>
File: "../Graphs/OpenMP -O0 2000x2000 Dynamic".png Graphic file (type png)
 <use "../Graphs/OpenMP -O0 2000x2000 Dynamic".png>
Package pdftex.def Info: "../Graphs/OpenMP -O0 2000x2000 Dynamic".png used on input line 114.
(pdftex.def)             Requested size: 216.80064pt x 216.80064pt.
 <"../Graphs/OpenMP -O1 10x10 Blocked".png, id=87, 1445.4pt x 1445.4pt>
File: "../Graphs/OpenMP -O1 10x10 Blocked".png Graphic file (type png)
 <use "../Graphs/OpenMP -O1 10x10 Blocked".png>
Package pdftex.def Info: "../Graphs/OpenMP -O1 10x10 Blocked".png used on input line 116.
(pdftex.def)             Requested size: 216.80064pt x 216.80064pt.
 [13 <../Graphs/OpenMP -O0 10x10 Dynamic.png> <../Graphs/OpenMP -O0 2000x2000 Dynamic.png>] <"../Graphs/OpenMP -O1 2000x2000 Blocked".png, id=94, 1445.4pt x 1445.4pt>
File: "../Graphs/OpenMP -O1 2000x2000 Blocked".png Graphic file (type png)
 <use "../Graphs/OpenMP -O1 2000x2000 Blocked".png>
Package pdftex.def Info: "../Graphs/OpenMP -O1 2000x2000 Blocked".png used on input line 118.
(pdftex.def)             Requested size: 216.80064pt x 216.80064pt.
 <"../Graphs/OpenMP -O1 10x10 Static".png, id=95, 1445.4pt x 1445.4pt>
File: "../Graphs/OpenMP -O1 10x10 Static".png Graphic file (type png)
 <use "../Graphs/OpenMP -O1 10x10 Static".png>
Package pdftex.def Info: "../Graphs/OpenMP -O1 10x10 Static".png used on input line 120.
(pdftex.def)             Requested size: 216.80064pt x 216.80064pt.
 [14 <../Graphs/OpenMP -O1 10x10 Blocked.png> <../Graphs/OpenMP -O1 2000x2000 Blocked.png>] <"../Graphs/OpenMP -O1 2000x2000 Static".png, id=101, 1445.4pt x 1445.4pt>
File: "../Graphs/OpenMP -O1 2000x2000 Static".png Graphic file (type png)
 <use "../Graphs/OpenMP -O1 2000x2000 Static".png>
Package pdftex.def Info: "../Graphs/OpenMP -O1 2000x2000 Static".png used on input line 122.
(pdftex.def)             Requested size: 216.80064pt x 216.80064pt.

<"../Graphs/OpenMP -O1 10x10 Dynamic".png, id=102, 1445.4pt x 1445.4pt>
File: "../Graphs/OpenMP -O1 10x10 Dynamic".png Graphic file (type png)
 <use "../Graphs/OpenMP -O1 10x10 Dynamic".png>
Package pdftex.def Info: "../Graphs/OpenMP -O1 10x10 Dynamic".png used on input line 124.
(pdftex.def)             Requested size: 216.80064pt x 216.80064pt.
 [15 <../Graphs/OpenMP -O1 10x10 Static.png> <../Graphs/OpenMP -O1 2000x2000 Static.png>] <"../Graphs/OpenMP -O1 2000x2000 Dynamic".png, id=108, 1445.4pt x 1445.4pt>
File: "../Graphs/OpenMP -O1 2000x2000 Dynamic".png Graphic file (type png)
 <use "../Graphs/OpenMP -O1 2000x2000 Dynamic".png>
Package pdftex.def Info: "../Graphs/OpenMP -O1 2000x2000 Dynamic".png used on input line 126.
(pdftex.def)             Requested size: 216.80064pt x 216.80064pt.
 <"../Graphs/OpenMP -O2 10x10 Blocked".png, id=109, 1445.4pt x 1445.4pt>
File: "../Graphs/OpenMP -O2 10x10 Blocked".png Graphic file (type png)
 <use "../Graphs/OpenMP -O2 10x10 Blocked".png>
Package pdftex.def Info: "../Graphs/OpenMP -O2 10x10 Blocked".png used on input line 128.
(pdftex.def)             Requested size: 216.80064pt x 216.80064pt.
 [16 <../Graphs/OpenMP -O1 10x10 Dynamic.png> <../Graphs/OpenMP -O1 2000x2000 Dynamic.png>] <"../Graphs/OpenMP -O2 2000x2000 Blocked".png, id=115, 1445.4pt x 1445.4pt>
File: "../Graphs/OpenMP -O2 2000x2000 Blocked".png Graphic file (type png)
 <use "../Graphs/OpenMP -O2 2000x2000 Blocked".png>
Package pdftex.def Info: "../Graphs/OpenMP -O2 2000x2000 Blocked".png used on input line 130.
(pdftex.def)             Requested size: 216.80064pt x 216.80064pt.
 <"../Graphs/OpenMP -O2 10x10 Static".png, id=116, 1445.4pt x 1445.4pt>
File: "../Graphs/OpenMP -O2 10x10 Static".png Graphic file (type png)
 <use "../Graphs/OpenMP -O2 10x10 Static".png>
Package pdftex.def Info: "../Graphs/OpenMP -O2 10x10 Static".png used on input line 132.
(pdftex.def)             Requested size: 216.80064pt x 216.80064pt.
 [17 <../Graphs/OpenMP -O2 10x10 Blocked.png> <../Graphs/OpenMP -O2 2000x2000 Blocked.png>] <"../Graphs/OpenMP -O2 2000x2000 Static".png, id=122, 1445.4pt x 1445.4pt>
File: "../Graphs/OpenMP -O2 2000x2000 Static".png Graphic file (type png)

<use "../Graphs/OpenMP -O2 2000x2000 Static".png>
Package pdftex.def Info: "../Graphs/OpenMP -O2 2000x2000 Static".png used on input line 134.
(pdftex.def)             Requested size: 216.80064pt x 216.80064pt.
 <"../Graphs/OpenMP -O2 10x10 Dynamic".png, id=123, 1445.4pt x 1445.4pt>
File: "../Graphs/OpenMP -O2 10x10 Dynamic".png Graphic file (type png)
 <use "../Graphs/OpenMP -O2 10x10 Dynamic".png>
Package pdftex.def Info: "../Graphs/OpenMP -O2 10x10 Dynamic".png used on input line 136.
(pdftex.def)             Requested size: 216.80064pt x 216.80064pt.
 [18 <../Graphs/OpenMP -O2 10x10 Static.png> <../Graphs/OpenMP -O2 2000x2000 Static.png>] <"../Graphs/OpenMP -O2 2000x2000 Dynamic".png, id=129, 1445.4pt x 1445.4pt>
File: "../Graphs/OpenMP -O2 2000x2000 Dynamic".png Graphic file (type png)
 <use "../Graphs/OpenMP -O2 2000x2000 Dynamic".png>
Package pdftex.def Info: "../Graphs/OpenMP -O2 2000x2000 Dynamic".png used on input line 138.
(pdftex.def)             Requested size: 216.80064pt x 216.80064pt.
 <"../Graphs/OpenMP -O3 10x10 Blocked".png, id=130, 1445.4pt x 1445.4pt>
File: "../Graphs/OpenMP -O3 10x10 Blocked".png Graphic file (type png)
 <use "../Graphs/OpenMP -O3 10x10 Blocked".png>
Package pdftex.def Info: "../Graphs/OpenMP -O3 10x10 Blocked".png used on input line 140.
(pdftex.def)             Requested size: 216.80064pt x 216.80064pt.
 [19 <../Graphs/OpenMP -O2 10x10 Dynamic.png> <../Graphs/OpenMP -O2 2000x2000 Dynamic.png>] <"../Graphs/OpenMP -O3 2000x2000 Blocked".png, id=137, 1445.4pt x 1445.4pt>
File: "../Graphs/OpenMP -O3 2000x2000 Blocked".png Graphic file (type png)
 <use "../Graphs/OpenMP -O3 2000x2000 Blocked".png>
Package pdftex.def Info: "../Graphs/OpenMP -O3 2000x2000 Blocked".png used on input line 142.
(pdftex.def)             Requested size: 216.80064pt x 216.80064pt.
 <"../Graphs/OpenMP -O3 10x10 Static".png, id=138, 1445.4pt x 1445.4pt>
File: "../Graphs/OpenMP -O3 10x10 Static".png Graphic file (type png)
 <use "../Graphs/OpenMP -O3 10x10 Static".png>
Package pdftex.def Info: "../Graphs/OpenMP -O3 10x10 Static".png used on input line 144.
(pdftex.def)             Requested size: 216.80064pt x 216.80064pt.
 [20 <../Graphs/OpenMP -O3 10x10 Blocked.png> <../Graphs/OpenMP -O3 2000x2000 Blocked.png>]
<"../Graphs/OpenMP -O3 2000x2000 Static".png, id=144, 1445.4pt x 1445.4pt>
File: "../Graphs/OpenMP -O3 2000x2000 Static".png Graphic file (type png)
 <use "../Graphs/OpenMP -O3 2000x2000 Static".png>
Package pdftex.def Info: "../Graphs/OpenMP -O3 2000x2000 Static".png used on input line 146.
(pdftex.def)             Requested size: 216.80064pt x 216.80064pt.
 <"../Graphs/OpenMP -O3 10x10 Dynamic".png, id=145, 1445.4pt x 1445.4pt>
File: "../Graphs/OpenMP -O3 10x10 Dynamic".png Graphic file (type png)
 <use "../Graphs/OpenMP -O3 10x10 Dynamic".png>
Package pdftex.def Info: "../Graphs/OpenMP -O3 10x10 Dynamic".png used on input line 148.
(pdftex.def)             Requested size: 216.80064pt x 216.80064pt.
 [21 <../Graphs/OpenMP -O3 10x10 Static.png> <../Graphs/OpenMP -O3 2000x2000 Static.png>] <"../Graphs/OpenMP -O3 2000x2000 Dynamic".png, id=151, 1445.4pt x 1445.4pt>
File: "../Graphs/OpenMP -O3 2000x2000 Dynamic".png Graphic file (type png)
 <use "../Graphs/OpenMP -O3 2000x2000 Dynamic".png>
Package pdftex.def Info: "../Graphs/OpenMP -O3 2000x2000 Dynamic".png used on input line 150.
(pdftex.def)             Requested size: 216.80064pt x 216.80064pt.
 [22 <../Graphs/OpenMP -O3 10x10 Dynamic.png> <../Graphs/OpenMP -O3 2000x2000 Dynamic.png>] <"../Graphs/OpenMP IBM 10x10 Blocked".png, id=157, 1445.4pt x 1445.4pt>
File: "../Graphs/OpenMP IBM 10x10 Blocked".png Graphic file (type png)
 <use "../Graphs/OpenMP IBM 10x10 Blocked".png>
Package pdftex.def Info: "../Graphs/OpenMP IBM 10x10 Blocked".png used on input line 167.
(pdftex.def)             Requested size: 216.80064pt x 216.80064pt.
 <"../Graphs/OpenMP IBM 2000x2000 Blocked".png, id=158, 1445.4pt x 1445.4pt>
File: "../Graphs/OpenMP IBM 2000x2000 Blocked".png Graphic file (type png)
 <use "../Graphs/OpenMP IBM 2000x2000 Blocked".png>
Package pdftex.def Info: "../Graphs/OpenMP IBM 2000x2000 Blocked".png used on input line 169.
(pdftex.def)             Requested size: 216.80064pt x 216.80064pt.
 [23 <../Graphs/OpenMP IBM 10x10 Blocked.png>] <"../Graphs/OpenMP IBM 10x10 Static".png, id=163, 1445.4pt x 1445.4pt>
File: "../Graphs/OpenMP IBM 10x10 Static".png Graphic file (type png)
 <use "../Graphs/OpenMP IBM 10x10 Static".png>
Package pdftex.def Info: "../Graphs/OpenMP IBM 10x10 Static".png used on input line 171.
(pdftex.def)             Requested size: 216.80064pt x 216.80064pt.

<"../Graphs/OpenMP IBM 2000x2000 Static".png, id=164, 1445.4pt x 1445.4pt>
File: "../Graphs/OpenMP IBM 2000x2000 Static".png Graphic file (type png)
 <use "../Graphs/OpenMP IBM 2000x2000 Static".png>
Package pdftex.def Info: "../Graphs/OpenMP IBM 2000x2000 Static".png used on input line 173.
(pdftex.def)             Requested size: 216.80064pt x 216.80064pt.
 [24 <../Graphs/OpenMP IBM 2000x2000 Blocked.png> <../Graphs/OpenMP IBM 10x10 Static.png>] <"../Graphs/OpenMP IBM 10x10 Dynamic".png, id=170, 1445.4pt x 1445.4pt>
File: "../Graphs/OpenMP IBM 10x10 Dynamic".png Graphic file (type png)
 <use "../Graphs/OpenMP IBM 10x10 Dynamic".png>
Package pdftex.def Info: "../Graphs/OpenMP IBM 10x10 Dynamic".png used on input line 175.
(pdftex.def)             Requested size: 216.80064pt x 216.80064pt.
 <"../Graphs/OpenMP IBM 2000x2000 Dynamic".png, id=171, 1445.4pt x 1445.4pt>
File: "../Graphs/OpenMP IBM 2000x2000 Dynamic".png Graphic file (type png)
 <use "../Graphs/OpenMP IBM 2000x2000 Dynamic".png>
Package pdftex.def Info: "../Graphs/OpenMP IBM 2000x2000 Dynamic".png used on input line 177.
(pdftex.def)             Requested size: 216.80064pt x 216.80064pt.
 [25 <../Graphs/OpenMP IBM 2000x2000 Static.png> <../Graphs/OpenMP IBM 10x10 Dynamic.png>] [26 <../Graphs/OpenMP IBM 2000x2000 Dynamic.png>] [27] (./ngraham_writeup.aux) ) 
Here is how much of TeX's memory you used:
 1720 strings out of 493089
 31232 string characters out of 6134842
 80263 words of memory out of 5000000
 5169 multiletter control sequences out of 15000+600000
 8501 words of font info for 30 fonts, out of 8000000 for 9000
 1141 hyphenation exceptions out of 8191
 37i,6n,23p,241b,189s stack positions out of 5000i,500n,10000p,200000b,80000s
</usr/local/texlive/2015/texmf-dist/fonts/type1/public/amsfonts/cm/cmbx12.pfb></usr/local/texlive/2015/texmf-dist/fonts/type1/public/amsfonts/cm/cmr12.pfb></usr/local/texlive/2015/texmf-dist/fonts/type1/public/amsfonts/cm/cmr17.pfb></usr/local/texlive/2015/texmf-dist/fonts/type1/public/amsfonts/cm/cmsy10.pfb>
Output written on ngraham_writeup.pdf (27 pages, 2167762 bytes).
PDF statistics:
 200 PDF objects out of 1000 (max. 8388607)
 74 compressed objects within 1 object stream
 0 named destinations out of 1000 (max. 500000)
 231 words of extra memory for PDF output out of 10000 (max. 10000000)

